
MacOS or linux terminal command to create your ssh tunnel:
ssh -N -L 9308:cm02:9308 nsk367@ 
For more info and how to connect from windows, 
   see research.computing.yale.edu/jupyter-nb
Here is the MobaXterm info:
Forwarded port:same as remote port
Remote server: cm02
Remote port: 9308
SSH server: 
SSH login: nsk367
SSH port: 22
Use a Browser on your local machine to go to:
http://localhost:9308  (prefix w/ https:// if using password)
Use the token string from the URL printed below and add it to the URL above

[I 17:13:01.665 NotebookApp] Serving notebooks from local directory: /scratch/nsk367/covid-pyro/notebooks
[I 17:13:01.666 NotebookApp] Jupyter Notebook 6.1.5 is running at:
[I 17:13:01.666 NotebookApp] http://cm02:9308/?token=8f3a76ae1165b12fb26265b0bbc3245c36539c7a62fd6d8c
[I 17:13:01.666 NotebookApp]  or http://127.0.0.1:9308/?token=8f3a76ae1165b12fb26265b0bbc3245c36539c7a62fd6d8c
[I 17:13:01.666 NotebookApp] Use Control-C to stop this server and shut down all kernels (twice to skip confirmation).
[C 17:13:01.685 NotebookApp] 
    
    To access the notebook, open this file in a browser:
        file:///home/nsk367/.local/share/jupyter/runtime/nbserver-4017756-open.html
    Or copy and paste one of these URLs:
        http://cm02:9308/?token=8f3a76ae1165b12fb26265b0bbc3245c36539c7a62fd6d8c
     or http://127.0.0.1:9308/?token=8f3a76ae1165b12fb26265b0bbc3245c36539c7a62fd6d8c
[I 17:13:23.554 NotebookApp] 302 GET /?token=8f3a76ae1165b12fb26265b0bbc3245c36539c7a62fd6d8c (10.32.32.5) 0.47ms
[W 17:13:29.578 NotebookApp] Notebook SIR Object Pyro-Real world.ipynb is not trusted
[I 17:13:30.030 NotebookApp] Kernel started: 16602a27-9bbd-48a9-8275-2f9b07b00ebe, name: python3
[I 17:15:30.519 NotebookApp] Saving file at /SIR Object Pyro-Real world.ipynb
[W 17:15:30.519 NotebookApp] Notebook SIR Object Pyro-Real world.ipynb is not trusted
[I 17:23:30.056 NotebookApp] Saving file at /SIR Object Pyro-Real world.ipynb
[W 17:23:30.056 NotebookApp] Notebook SIR Object Pyro-Real world.ipynb is not trusted
[I 17:57:30.478 NotebookApp] Saving file at /SIR Object Pyro-Real world.ipynb
[W 17:57:30.478 NotebookApp] Notebook SIR Object Pyro-Real world.ipynb is not trusted
[I 18:55:30.575 NotebookApp] Saving file at /SIR Object Pyro-Real world.ipynb
[W 18:55:30.576 NotebookApp] Notebook SIR Object Pyro-Real world.ipynb is not trusted
[I 19:25:15.732 NotebookApp] Creating new notebook in 
[I 19:25:18.292 NotebookApp] Kernel started: fa5b8a76-cb99-4616-8bd3-09224eec70cb, name: python3
[I 19:27:18.509 NotebookApp] Saving file at /Conditional SIR Model.ipynb
[I 19:29:18.217 NotebookApp] Saving file at /Conditional SIR Model.ipynb
[I 19:31:18.216 NotebookApp] Saving file at /Conditional SIR Model.ipynb
[I 19:33:18.255 NotebookApp] Saving file at /Conditional SIR Model.ipynb
[I 19:35:18.226 NotebookApp] Saving file at /Conditional SIR Model.ipynb
[I 19:37:18.467 NotebookApp] Saving file at /Conditional SIR Model.ipynb
[I 19:39:18.212 NotebookApp] Saving file at /Conditional SIR Model.ipynb
[I 19:41:18.904 NotebookApp] Saving file at /Conditional SIR Model.ipynb
[I 19:47:18.523 NotebookApp] Saving file at /Conditional SIR Model.ipynb
[I 20:01:42.896 NotebookApp] Saving file at /Conditional SIR Model.ipynb
[I 20:03:18.312 NotebookApp] Saving file at /Conditional SIR Model.ipynb
[I 20:05:18.371 NotebookApp] Saving file at /Conditional SIR Model.ipynb
[I 20:07:18.363 NotebookApp] Saving file at /Conditional SIR Model.ipynb
[I 20:09:18.295 NotebookApp] Saving file at /Conditional SIR Model.ipynb
[I 20:11:18.304 NotebookApp] Saving file at /Conditional SIR Model.ipynb
[I 20:13:02.429 NotebookApp] Saving file at /Conditional SIR Model.ipynb
slurmstepd: error: *** JOB 1052361 ON cm02-ib0 CANCELLED AT 2021-01-11T20:13:06 DUE TO TIME LIMIT ***
