
MacOS or linux terminal command to create your ssh tunnel:
ssh -N -L 8164:gpu-23:8164 nsk367@ 
For more info and how to connect from windows, 
   see research.computing.yale.edu/jupyter-nb
Here is the MobaXterm info:
Forwarded port:same as remote port
Remote server: gpu-23
Remote port: 8164
SSH server: 
SSH login: nsk367
SSH port: 22
Use a Browser on your local machine to go to:
http://localhost:8164  (prefix w/ https:// if using password)
Use the token string from the URL printed below and add it to the URL above

[I 14:34:46.142 NotebookApp] Serving notebooks from local directory: /scratch/nsk367/covid-pyro/notebooks
[I 14:34:46.143 NotebookApp] Jupyter Notebook 6.1.5 is running at:
[I 14:34:46.143 NotebookApp] http://gpu-23:8164/?token=8306737682ada5ae132bbaae2e0fdb8b7662cf316d98fdac
[I 14:34:46.143 NotebookApp]  or http://127.0.0.1:8164/?token=8306737682ada5ae132bbaae2e0fdb8b7662cf316d98fdac
[I 14:34:46.143 NotebookApp] Use Control-C to stop this server and shut down all kernels (twice to skip confirmation).
[C 14:34:46.176 NotebookApp] 
    
    To access the notebook, open this file in a browser:
        file:///home/nsk367/.local/share/jupyter/runtime/nbserver-20965-open.html
    Or copy and paste one of these URLs:
        http://gpu-23:8164/?token=8306737682ada5ae132bbaae2e0fdb8b7662cf316d98fdac
     or http://127.0.0.1:8164/?token=8306737682ada5ae132bbaae2e0fdb8b7662cf316d98fdac
[I 14:35:04.125 NotebookApp] 302 GET /?token=8306737682ada5ae132bbaae2e0fdb8b7662cf316d98fdac (172.16.0.12) 0.72ms
[W 14:35:29.135 NotebookApp] Notebook [SM] SIR-Noah Copy.ipynb is not trusted
[I 14:35:31.323 NotebookApp] Kernel started: 4dee18fe-e4ae-4753-b275-5bc9d0fe4075, name: python3
[I 14:37:31.818 NotebookApp] Saving file at /[SM] SIR-Noah Copy.ipynb
[W 14:37:31.820 NotebookApp] Notebook [SM] SIR-Noah Copy.ipynb is not trusted
[I 14:38:46.981 NotebookApp] Kernel started: dc99f3a8-f4c7-42b5-a355-4a023f544e20, name: python3
[I 14:41:31.214 NotebookApp] Saving file at /[SM] SIR-Noah Copy.ipynb
[W 14:41:31.215 NotebookApp] Notebook [SM] SIR-Noah Copy.ipynb is not trusted
[I 14:43:31.662 NotebookApp] Saving file at /[SM] SIR-Noah Copy.ipynb
[W 14:43:31.663 NotebookApp] Notebook [SM] SIR-Noah Copy.ipynb is not trusted
[I 14:44:47.482 NotebookApp] Saving file at /[NK] SEIR Tutorial.ipynb
[I 14:45:31.271 NotebookApp] Saving file at /[SM] SIR-Noah Copy.ipynb
[W 14:45:31.272 NotebookApp] Notebook [SM] SIR-Noah Copy.ipynb is not trusted
[I 14:46:47.174 NotebookApp] Saving file at /[NK] SEIR Tutorial.ipynb
[I 14:48:47.161 NotebookApp] Saving file at /[NK] SEIR Tutorial.ipynb
[I 14:50:47.254 NotebookApp] Saving file at /[NK] SEIR Tutorial.ipynb
[I 14:52:47.294 NotebookApp] Saving file at /[NK] SEIR Tutorial.ipynb
[I 14:53:31.281 NotebookApp] Saving file at /[SM] SIR-Noah Copy.ipynb
[W 14:53:31.282 NotebookApp] Notebook [SM] SIR-Noah Copy.ipynb is not trusted
[I 14:54:47.257 NotebookApp] Saving file at /[NK] SEIR Tutorial.ipynb
[I 14:56:47.167 NotebookApp] Saving file at /[NK] SEIR Tutorial.ipynb
[I 14:57:23.721 NotebookApp] Saving file at /[NK] SEIR Tutorial.ipynb
[I 14:58:47.214 NotebookApp] Saving file at /[NK] SEIR Tutorial.ipynb
[I 15:00:47.419 NotebookApp] Saving file at /[NK] SEIR Tutorial.ipynb
[I 15:02:08.673 NotebookApp] Saving file at /[NK] SEIR Tutorial.ipynb
[I 15:02:47.801 NotebookApp] Saving file at /[NK] SEIR Tutorial.ipynb
[I 15:04:09.519 NotebookApp] Kernel interrupted: dc99f3a8-f4c7-42b5-a355-4a023f544e20
[I 15:04:24.205 NotebookApp] Kernel interrupted: dc99f3a8-f4c7-42b5-a355-4a023f544e20
[I 15:04:47.613 NotebookApp] Saving file at /[NK] SEIR Tutorial.ipynb
[I 15:06:47.433 NotebookApp] Saving file at /[NK] SEIR Tutorial.ipynb
[I 15:08:47.590 NotebookApp] Saving file at /[NK] SEIR Tutorial.ipynb
[I 15:09:31.451 NotebookApp] Saving file at /[SM] SIR-Noah Copy.ipynb
[W 15:09:31.453 NotebookApp] Notebook [SM] SIR-Noah Copy.ipynb is not trusted
[I 15:10:47.239 NotebookApp] Saving file at /[NK] SEIR Tutorial.ipynb
[I 15:14:47.728 NotebookApp] Saving file at /[NK] SEIR Tutorial.ipynb
[I 15:16:47.698 NotebookApp] Saving file at /[NK] SEIR Tutorial.ipynb
[I 15:22:45.987 NotebookApp] Saving file at /[NK] SEIR Tutorial.ipynb
[I 15:22:54.949 NotebookApp] Saving file at /[NK] SEIR Tutorial.ipynb
[I 15:23:10.274 NotebookApp] Kernel interrupted: dc99f3a8-f4c7-42b5-a355-4a023f544e20
[I 15:24:47.502 NotebookApp] Saving file at /[NK] SEIR Tutorial.ipynb
[I 15:26:47.711 NotebookApp] Saving file at /[NK] SEIR Tutorial.ipynb
[I 15:28:21.391 NotebookApp] Saving file at /[NK] SEIR Tutorial.ipynb
[I 15:28:47.314 NotebookApp] Saving file at /[NK] SEIR Tutorial.ipynb
[I 15:30:47.335 NotebookApp] Saving file at /[NK] SEIR Tutorial.ipynb
[I 15:31:39.705 NotebookApp] Kernel interrupted: dc99f3a8-f4c7-42b5-a355-4a023f544e20
[I 15:32:47.214 NotebookApp] Saving file at /[NK] SEIR Tutorial.ipynb
[I 15:34:47.326 NotebookApp] Saving file at /[NK] SEIR Tutorial.ipynb
[I 15:36:47.480 NotebookApp] Saving file at /[NK] SEIR Tutorial.ipynb
[I 15:38:47.607 NotebookApp] Saving file at /[NK] SEIR Tutorial.ipynb
[I 15:40:47.706 NotebookApp] Saving file at /[NK] SEIR Tutorial.ipynb
