
MacOS or linux terminal command to create your ssh tunnel:
ssh -N -L 9429:cl01:9429 nsk367@ 
For more info and how to connect from windows, 
   see research.computing.yale.edu/jupyter-nb
Here is the MobaXterm info:
Forwarded port:same as remote port
Remote server: cl01
Remote port: 9429
SSH server: 
SSH login: nsk367
SSH port: 22
Use a Browser on your local machine to go to:
http://localhost:9429  (prefix w/ https:// if using password)
Use the token string from the URL printed below and add it to the URL above

[I 21:08:35.500 NotebookApp] Serving notebooks from local directory: /scratch/nsk367/covid-pyro/notebooks
[I 21:08:35.502 NotebookApp] Jupyter Notebook 6.1.5 is running at:
[I 21:08:35.502 NotebookApp] http://cl01:9429/?token=ef8c48f38b9ba180c40643a9ea0ae95cbf99c7bf27cdb35f
[I 21:08:35.502 NotebookApp]  or http://127.0.0.1:9429/?token=ef8c48f38b9ba180c40643a9ea0ae95cbf99c7bf27cdb35f
[I 21:08:35.502 NotebookApp] Use Control-C to stop this server and shut down all kernels (twice to skip confirmation).
[C 21:08:35.522 NotebookApp] 
    
    To access the notebook, open this file in a browser:
        file:///home/nsk367/.local/share/jupyter/runtime/nbserver-2669393-open.html
    Or copy and paste one of these URLs:
        http://cl01:9429/?token=ef8c48f38b9ba180c40643a9ea0ae95cbf99c7bf27cdb35f
     or http://127.0.0.1:9429/?token=ef8c48f38b9ba180c40643a9ea0ae95cbf99c7bf27cdb35f
[I 21:08:53.832 NotebookApp] 302 GET /?token=ef8c48f38b9ba180c40643a9ea0ae95cbf99c7bf27cdb35f (10.32.32.6) 21.64ms
[W 21:09:02.421 NotebookApp] Notebook [NK] SEI3R.ipynb is not trusted
[I 21:09:03.197 NotebookApp] Kernel started: 1659c01b-2ae5-4c53-955e-0de626f5bb22, name: python3
[I 21:11:03.099 NotebookApp] Saving file at /[NK] SEI3R.ipynb
[W 21:11:03.100 NotebookApp] Notebook [NK] SEI3R.ipynb is not trusted
[I 21:13:03.097 NotebookApp] Saving file at /[NK] SEI3R.ipynb
[W 21:13:03.097 NotebookApp] Notebook [NK] SEI3R.ipynb is not trusted
[I 21:14:28.380 NotebookApp] Kernel started: fe9d422e-adc6-43ce-9e3d-ebb8e00307cd, name: python3
[I 21:15:03.780 NotebookApp] Saving file at /[NK] SEI3R.ipynb
[W 21:15:03.781 NotebookApp] Notebook [NK] SEI3R.ipynb is not trusted
[I 21:15:56.697 NotebookApp] Saving file at /[NK] SEI3R.ipynb
[W 21:15:56.697 NotebookApp] Notebook [NK] SEI3R.ipynb is not trusted
[I 21:16:28.808 NotebookApp] Saving file at /Conditional SIR Model.ipynb
[I 21:17:03.837 NotebookApp] Saving file at /[NK] SEI3R.ipynb
[W 21:17:03.837 NotebookApp] Notebook [NK] SEI3R.ipynb is not trusted
[I 21:18:28.244 NotebookApp] Saving file at /Conditional SIR Model.ipynb
[I 21:19:03.774 NotebookApp] Saving file at /[NK] SEI3R.ipynb
[W 21:19:03.774 NotebookApp] Notebook [NK] SEI3R.ipynb is not trusted
[I 21:20:09.958 NotebookApp] Saving file at /Conditional SIR Model.ipynb
[I 21:21:03.834 NotebookApp] Saving file at /[NK] SEI3R.ipynb
[I 21:28:28.263 NotebookApp] Saving file at /Conditional SIR Model.ipynb
[I 21:29:36.593 NotebookApp] Starting buffering for fe9d422e-adc6-43ce-9e3d-ebb8e00307cd:d5f042a3ffec4b28a3dd241f3fe046cc
[I 21:29:40.240 NotebookApp] Kernel restarted: fe9d422e-adc6-43ce-9e3d-ebb8e00307cd
[I 21:29:40.285 NotebookApp] Restoring connection for fe9d422e-adc6-43ce-9e3d-ebb8e00307cd:d5f042a3ffec4b28a3dd241f3fe046cc
[I 21:29:40.285 NotebookApp] Replaying 3 buffered messages
[I 21:30:28.265 NotebookApp] Saving file at /Conditional SIR Model.ipynb
[I 21:32:28.225 NotebookApp] Saving file at /Conditional SIR Model.ipynb
[I 21:34:28.268 NotebookApp] Saving file at /Conditional SIR Model.ipynb
[I 21:36:28.770 NotebookApp] Saving file at /SIR Model with Real World Observations.ipynb
[I 21:37:03.102 NotebookApp] Saving file at /[NK] SEI3R.ipynb
[I 21:38:28.778 NotebookApp] Saving file at /SIR Model with Real World Observations.ipynb
[I 21:39:03.862 NotebookApp] Saving file at /[NK] SEI3R.ipynb
[I 21:41:03.841 NotebookApp] Saving file at /[NK] SEI3R.ipynb
[I 21:42:28.802 NotebookApp] Saving file at /SIR Model with Real World Observations.ipynb
[I 21:45:03.123 NotebookApp] Saving file at /[NK] SEI3R.ipynb
[I 21:47:03.108 NotebookApp] Saving file at /[NK] SEI3R.ipynb
[I 21:48:03.603 NotebookApp] Kernel interrupted: 1659c01b-2ae5-4c53-955e-0de626f5bb22
[I 21:49:03.117 NotebookApp] Saving file at /[NK] SEI3R.ipynb
[I 21:49:16.804 NotebookApp] Kernel interrupted: 1659c01b-2ae5-4c53-955e-0de626f5bb22
[I 21:49:38.821 NotebookApp] Kernel interrupted: 1659c01b-2ae5-4c53-955e-0de626f5bb22
[I 21:51:03.112 NotebookApp] Saving file at /[NK] SEI3R.ipynb
[I 21:52:53.705 NotebookApp] Saving file at /[NK] SEI3R.ipynb
[I 21:54:04.585 NotebookApp] Saving file at /[NK] SEI3R.ipynb
[I 21:54:07.226 NotebookApp] Saving file at /[NK] SEI3R.ipynb
[I 21:55:03.146 NotebookApp] Saving file at /[NK] SEI3R.ipynb
[I 21:57:03.136 NotebookApp] Saving file at /[NK] SEI3R.ipynb
[I 21:59:03.135 NotebookApp] Saving file at /[NK] SEI3R.ipynb
[I 21:59:20.190 NotebookApp] Saving file at /[NK] SEI3R.ipynb
[I 21:59:23.976 NotebookApp] Saving file at /[NK] SEI3R.ipynb
[I 22:01:03.214 NotebookApp] Saving file at /[NK] SEI3R.ipynb
[I 22:03:03.162 NotebookApp] Saving file at /[NK] SEI3R.ipynb
[I 22:05:03.151 NotebookApp] Saving file at /[NK] SEI3R.ipynb
[I 22:07:03.138 NotebookApp] Saving file at /[NK] SEI3R.ipynb
[I 22:09:03.145 NotebookApp] Saving file at /[NK] SEI3R.ipynb
[I 22:11:03.164 NotebookApp] Saving file at /[NK] SEI3R.ipynb
[I 22:13:03.158 NotebookApp] Saving file at /[NK] SEI3R.ipynb
[I 22:15:03.160 NotebookApp] Saving file at /[NK] SEI3R.ipynb
[I 22:17:03.865 NotebookApp] Saving file at /[NK] SEI3R.ipynb
[I 22:17:40.805 NotebookApp] Saving file at /[NK] SEI3R.ipynb
[I 22:19:03.199 NotebookApp] Saving file at /[NK] SEI3R.ipynb
[I 22:19:42.313 NotebookApp] Starting buffering for 1659c01b-2ae5-4c53-955e-0de626f5bb22:33b93464ea1d43c580cca25316a2e6e0
[I 22:19:43.661 NotebookApp] Kernel restarted: 1659c01b-2ae5-4c53-955e-0de626f5bb22
[I 22:19:43.710 NotebookApp] Restoring connection for 1659c01b-2ae5-4c53-955e-0de626f5bb22:33b93464ea1d43c580cca25316a2e6e0
[I 22:19:43.710 NotebookApp] Replaying 3 buffered messages
[I 22:20:15.900 NotebookApp] Kernel interrupted: 1659c01b-2ae5-4c53-955e-0de626f5bb22
[I 22:21:03.194 NotebookApp] Saving file at /[NK] SEI3R.ipynb
[I 22:23:03.888 NotebookApp] Saving file at /[NK] SEI3R.ipynb
[I 22:25:03.925 NotebookApp] Saving file at /[NK] SEI3R.ipynb
[I 22:27:03.942 NotebookApp] Saving file at /[NK] SEI3R.ipynb
[I 22:29:04.938 NotebookApp] Saving file at /[NK] SEI3R.ipynb
[I 22:31:04.954 NotebookApp] Saving file at /[NK] SEI3R.ipynb
[I 22:33:03.906 NotebookApp] Saving file at /[NK] SEI3R.ipynb
[I 22:35:03.909 NotebookApp] Saving file at /[NK] SEI3R.ipynb
[I 22:37:03.910 NotebookApp] Saving file at /[NK] SEI3R.ipynb
[I 22:39:03.202 NotebookApp] Saving file at /[NK] SEI3R.ipynb
[I 22:44:39.988 NotebookApp] Saving file at /SIR Model with Real World Observations.ipynb
[I 22:44:41.856 NotebookApp] Saving file at /[NK] SEI3R.ipynb
