
MacOS or linux terminal command to create your ssh tunnel:
ssh -N -L 8990:cm28:8990 nsk367@ 
For more info and how to connect from windows, 
   see research.computing.yale.edu/jupyter-nb
Here is the MobaXterm info:
Forwarded port:same as remote port
Remote server: cm28
Remote port: 8990
SSH server: 
SSH login: nsk367
SSH port: 22
Use a Browser on your local machine to go to:
http://localhost:8990  (prefix w/ https:// if using password)
Use the token string from the URL printed below and add it to the URL above

[I 18:37:38.012 NotebookApp] Serving notebooks from local directory: /scratch/nsk367/covid-pyro/notebooks
[I 18:37:38.012 NotebookApp] Jupyter Notebook 6.1.5 is running at:
[I 18:37:38.012 NotebookApp] http://cm28:8990/?token=27fb38e42188bd2c83624ee2409fa8169f456e0f0e9b0cf0
[I 18:37:38.012 NotebookApp]  or http://127.0.0.1:8990/?token=27fb38e42188bd2c83624ee2409fa8169f456e0f0e9b0cf0
[I 18:37:38.012 NotebookApp] Use Control-C to stop this server and shut down all kernels (twice to skip confirmation).
[C 18:37:38.097 NotebookApp] 
    
    To access the notebook, open this file in a browser:
        file:///home/nsk367/.local/share/jupyter/runtime/nbserver-1415891-open.html
    Or copy and paste one of these URLs:
        http://cm28:8990/?token=27fb38e42188bd2c83624ee2409fa8169f456e0f0e9b0cf0
     or http://127.0.0.1:8990/?token=27fb38e42188bd2c83624ee2409fa8169f456e0f0e9b0cf0
[I 18:38:15.766 NotebookApp] 302 GET /?token=27fb38e42188bd2c83624ee2409fa8169f456e0f0e9b0cf0 (10.32.32.5) 0.45ms
[I 18:41:08.858 NotebookApp] Kernel started: 67751619-62d8-4404-960f-0021b69c2f5a, name: python3
[I 18:43:08.930 NotebookApp] Saving file at /[NK] SEI3R Object.ipynb
[I 18:51:05.667 NotebookApp] Saving file at /[NK] SEI3R Object.ipynb
[I 18:53:09.078 NotebookApp] Saving file at /[NK] SEI3R Object.ipynb
[W 18:53:29.310 NotebookApp] Notebook [SM] SEIR Object Pyro.ipynb is not trusted
[I 18:53:30.070 NotebookApp] Kernel started: fc32a2fb-9323-4854-a821-9a281212d8ee, name: python3
[I 18:55:09.165 NotebookApp] Saving file at /[NK] SEI3R Object.ipynb
[I 18:57:11.396 NotebookApp] Saving file at /[NK] SEI3R Object.ipynb
[I 18:59:08.931 NotebookApp] Saving file at /[NK] SEI3R Object.ipynb
[I 19:00:11.591 NotebookApp] Saving file at /[NK] SEI3R Object.ipynb
