
MacOS or linux terminal command to create your ssh tunnel:
ssh -N -L 8934:gpu-92:8934 nsk367@ 
For more info and how to connect from windows, 
   see research.computing.yale.edu/jupyter-nb
Here is the MobaXterm info:
Forwarded port:same as remote port
Remote server: gpu-92
Remote port: 8934
SSH server: 
SSH login: nsk367
SSH port: 22
Use a Browser on your local machine to go to:
http://localhost:8934  (prefix w/ https:// if using password)
Use the token string from the URL printed below and add it to the URL above

[I 16:46:29.653 NotebookApp] Serving notebooks from local directory: /scratch/nsk367/covid-pyro/notebooks
[I 16:46:29.653 NotebookApp] Jupyter Notebook 6.1.5 is running at:
[I 16:46:29.653 NotebookApp] http://gpu-92:8934/?token=defe5701d1dfaafe381ed7fa17d11fbf6a347d9248dc5034
[I 16:46:29.653 NotebookApp]  or http://127.0.0.1:8934/?token=defe5701d1dfaafe381ed7fa17d11fbf6a347d9248dc5034
[I 16:46:29.653 NotebookApp] Use Control-C to stop this server and shut down all kernels (twice to skip confirmation).
[C 16:46:29.687 NotebookApp] 
    
    To access the notebook, open this file in a browser:
        file:///home/nsk367/.local/share/jupyter/runtime/nbserver-277102-open.html
    Or copy and paste one of these URLs:
        http://gpu-92:8934/?token=defe5701d1dfaafe381ed7fa17d11fbf6a347d9248dc5034
     or http://127.0.0.1:8934/?token=defe5701d1dfaafe381ed7fa17d11fbf6a347d9248dc5034
[I 16:48:06.735 NotebookApp] 302 GET /?token=defe5701d1dfaafe381ed7fa17d11fbf6a347d9248dc5034 (172.16.0.13) 0.48ms
[I 16:48:19.220 NotebookApp] Kernel started: 9d94ee13-27ce-4577-882e-164e152f7b00, name: python3
[I 16:48:29.510 NotebookApp] Kernel started: 29aad021-ddbe-4411-b1dc-26cd6d81053f, name: python3
[W 16:51:21.157 NotebookApp] Notebook [SM] SEIR Object Pyro.ipynb is not trusted
[I 16:51:22.257 NotebookApp] Kernel started: 780142ca-3fbb-404e-bd9a-7da62f01e032, name: python3
[W 16:51:35.192 NotebookApp] Notebook [SM] SIR-Noah Copy.ipynb is not trusted
[I 16:51:37.260 NotebookApp] Kernel started: 185ffb36-834c-4313-9be0-e22f21e30dba, name: python3
[I 16:53:12.047 NotebookApp] Creating new notebook in 
[I 16:53:13.996 NotebookApp] Kernel started: 12a80d2f-bcbe-4395-b9b7-2e0d9846e090, name: python3
[I 16:54:55.222 NotebookApp] Starting buffering for 9d94ee13-27ce-4577-882e-164e152f7b00:4bbf17622853410a91d956a1dab3ff5f
[I 16:55:02.990 NotebookApp] Starting buffering for 780142ca-3fbb-404e-bd9a-7da62f01e032:fd494b9f2460421a814d2e395eb4f908
[I 16:55:03.946 NotebookApp] Starting buffering for 29aad021-ddbe-4411-b1dc-26cd6d81053f:89ced7841eb449b9af1d89558eb0b923
[I 16:55:14.235 NotebookApp] Saving file at /[NK] SEI3R Object.ipynb
[I 16:57:13.943 NotebookApp] Saving file at /[NK] SEI3R Object.ipynb
[I 16:59:13.948 NotebookApp] Saving file at /[NK] SEI3R Object.ipynb
[I 17:01:14.034 NotebookApp] Saving file at /[NK] SEI3R Object.ipynb
[I 17:03:13.915 NotebookApp] Saving file at /[NK] SEI3R Object.ipynb
[I 17:05:13.958 NotebookApp] Saving file at /[NK] SEI3R Object.ipynb
[I 17:07:14.524 NotebookApp] Saving file at /[NK] SEI3R Object.ipynb
[I 17:08:37.928 NotebookApp] Kernel started: 6875dc4c-e23b-41b1-a925-dcbc7e4293e1, name: python3
[I 17:09:13.993 NotebookApp] Saving file at /[NK] SEI3R Object.ipynb
[I 17:10:38.069 NotebookApp] Saving file at /SEI3R Object Pyro.ipynb
[I 17:11:14.010 NotebookApp] Saving file at /[NK] SEI3R Object.ipynb
[I 17:12:53.159 NotebookApp] Saving file at /[NK] SEI3R Object.ipynb
[I 17:13:13.936 NotebookApp] Saving file at /[NK] SEI3R Object.ipynb
[I 17:15:14.028 NotebookApp] Saving file at /[NK] SEI3R Object.ipynb
[I 17:17:13.954 NotebookApp] Saving file at /[NK] SEI3R Object.ipynb
[I 17:23:14.050 NotebookApp] Saving file at /[NK] SEI3R Object.ipynb
[I 17:31:14.920 NotebookApp] Saving file at /[NK] SEI3R Object.ipynb
[I 17:33:13.993 NotebookApp] Saving file at /[NK] SEI3R Object.ipynb
[I 17:50:52.960 NotebookApp] Saving file at /[NK] SEI3R Object.ipynb
[I 17:52:37.923 NotebookApp] Saving file at /SEI3R Object Pyro.ipynb
[I 18:00:37.902 NotebookApp] Saving file at /SEI3R Object Pyro.ipynb
[I 18:02:38.087 NotebookApp] Saving file at /SEI3R Object Pyro.ipynb
[I 18:04:37.874 NotebookApp] Saving file at /SEI3R Object Pyro.ipynb
[I 18:06:37.844 NotebookApp] Saving file at /SEI3R Object Pyro.ipynb
[I 18:36:38.494 NotebookApp] Saving file at /SEI3R Object Pyro.ipynb
[I 18:44:36.197 NotebookApp] Saving file at /SEI3R Object Pyro.ipynb
[W 19:00:23.216 NotebookApp] Notebook SIR Object Pyro.ipynb is not trusted
[I 19:00:25.518 NotebookApp] Kernel started: 119d616c-d7a2-46ca-89f4-b077a68580f3, name: python3
[I 19:00:52.958 NotebookApp] Kernel interrupted: 119d616c-d7a2-46ca-89f4-b077a68580f3
[I 19:00:57.091 NotebookApp] Kernel interrupted: 6875dc4c-e23b-41b1-a925-dcbc7e4293e1
[I 19:02:25.144 NotebookApp] Saving file at /SIR Object Pyro.ipynb
[W 19:02:25.145 NotebookApp] Notebook SIR Object Pyro.ipynb is not trusted
[I 19:02:37.913 NotebookApp] Saving file at /SEI3R Object Pyro.ipynb
[I 19:04:37.994 NotebookApp] Saving file at /SEI3R Object Pyro.ipynb
[I 19:07:42.381 NotebookApp] Kernel interrupted: 6875dc4c-e23b-41b1-a925-dcbc7e4293e1
[I 19:08:37.989 NotebookApp] Saving file at /SEI3R Object Pyro.ipynb
[I 19:08:46.502 NotebookApp] Kernel interrupted: 6875dc4c-e23b-41b1-a925-dcbc7e4293e1
[I 19:10:37.929 NotebookApp] Saving file at /SEI3R Object Pyro.ipynb
[I 19:10:41.411 NotebookApp] Saving file at /SEI3R Object Pyro.ipynb
[I 19:10:43.074 NotebookApp] Saving file at /SEI3R Object Pyro.ipynb
