
MacOS or linux terminal command to create your ssh tunnel:
ssh -N -L 9841:gpu-23:9841 nsk367@ 
For more info and how to connect from windows, 
   see research.computing.yale.edu/jupyter-nb
Here is the MobaXterm info:
Forwarded port:same as remote port
Remote server: gpu-23
Remote port: 9841
SSH server: 
SSH login: nsk367
SSH port: 22
Use a Browser on your local machine to go to:
http://localhost:9841  (prefix w/ https:// if using password)
Use the token string from the URL printed below and add it to the URL above

/opt/slurm/data/slurmd/job14194065/slurm_script: line 54: activate: No such file or directory
[I 00:46:29.713 NotebookApp] Serving notebooks from local directory: /scratch/nsk367/covid-pyro/notebooks
[I 00:46:29.713 NotebookApp] Jupyter Notebook 6.1.5 is running at:
[I 00:46:29.713 NotebookApp] http://gpu-23:9841/?token=c0edd5d3a0ddd8f50bdf4736d06e9c85b908da39f7d6415f
[I 00:46:29.713 NotebookApp]  or http://127.0.0.1:9841/?token=c0edd5d3a0ddd8f50bdf4736d06e9c85b908da39f7d6415f
[I 00:46:29.714 NotebookApp] Use Control-C to stop this server and shut down all kernels (twice to skip confirmation).
[C 00:46:29.725 NotebookApp] 
    
    To access the notebook, open this file in a browser:
        file:///home/nsk367/.local/share/jupyter/runtime/nbserver-22171-open.html
    Or copy and paste one of these URLs:
        http://gpu-23:9841/?token=c0edd5d3a0ddd8f50bdf4736d06e9c85b908da39f7d6415f
     or http://127.0.0.1:9841/?token=c0edd5d3a0ddd8f50bdf4736d06e9c85b908da39f7d6415f
[I 00:47:15.310 NotebookApp] 302 GET /?token=c0edd5d3a0ddd8f50bdf4736d06e9c85b908da39f7d6415f (172.16.0.12) 0.63ms
[I 00:47:32.427 NotebookApp] Kernel started: f78ad0cf-1708-4c5a-9f66-4c7f0802814c, name: python3
[I 00:49:32.236 NotebookApp] Saving file at /[NK] SEIR Tutorial.ipynb
[I 00:50:34.201 NotebookApp] Kernel interrupted: f78ad0cf-1708-4c5a-9f66-4c7f0802814c
[I 00:51:32.236 NotebookApp] Saving file at /[NK] SEIR Tutorial.ipynb
[I 00:52:09.895 NotebookApp] Kernel interrupted: f78ad0cf-1708-4c5a-9f66-4c7f0802814c
[I 00:53:32.341 NotebookApp] Saving file at /[NK] SEIR Tutorial.ipynb
[I 00:55:10.262 NotebookApp] Kernel interrupted: f78ad0cf-1708-4c5a-9f66-4c7f0802814c
[I 00:55:32.463 NotebookApp] Saving file at /[NK] SEIR Tutorial.ipynb
[I 00:57:32.300 NotebookApp] Saving file at /[NK] SEIR Tutorial.ipynb
[I 00:59:32.450 NotebookApp] Saving file at /[NK] SEIR Tutorial.ipynb
[I 01:01:33.199 NotebookApp] Saving file at /[NK] SEIR Tutorial.ipynb
[I 01:03:32.540 NotebookApp] Saving file at /[NK] SEIR Tutorial.ipynb
[I 01:05:32.514 NotebookApp] Saving file at /[NK] SEIR Tutorial.ipynb
[I 01:07:32.378 NotebookApp] Saving file at /[NK] SEIR Tutorial.ipynb
[I 01:07:51.471 NotebookApp] Saving file at /[NK] SEIR Tutorial.ipynb
