
MacOS or linux terminal command to create your ssh tunnel:
ssh -N -L 8721:cm15:8721 nsk367@ 
For more info and how to connect from windows, 
   see research.computing.yale.edu/jupyter-nb
Here is the MobaXterm info:
Forwarded port:same as remote port
Remote server: cm15
Remote port: 8721
SSH server: 
SSH login: nsk367
SSH port: 22
Use a Browser on your local machine to go to:
http://localhost:8721  (prefix w/ https:// if using password)
Use the token string from the URL printed below and add it to the URL above

[I 09:19:46.937 NotebookApp] Serving notebooks from local directory: /scratch/nsk367/covid-pyro/notebooks
[I 09:19:46.938 NotebookApp] Jupyter Notebook 6.1.5 is running at:
[I 09:19:46.938 NotebookApp] http://cm15:8721/?token=84c6224f45ea038f533adff2aad37562c3f1accaadf9dae7
[I 09:19:46.938 NotebookApp]  or http://127.0.0.1:8721/?token=84c6224f45ea038f533adff2aad37562c3f1accaadf9dae7
[I 09:19:46.938 NotebookApp] Use Control-C to stop this server and shut down all kernels (twice to skip confirmation).
[C 09:19:46.958 NotebookApp] 
    
    To access the notebook, open this file in a browser:
        file:///home/nsk367/.local/share/jupyter/runtime/nbserver-3467463-open.html
    Or copy and paste one of these URLs:
        http://cm15:8721/?token=84c6224f45ea038f533adff2aad37562c3f1accaadf9dae7
     or http://127.0.0.1:8721/?token=84c6224f45ea038f533adff2aad37562c3f1accaadf9dae7
[I 09:20:19.473 NotebookApp] 302 GET /?token=84c6224f45ea038f533adff2aad37562c3f1accaadf9dae7 (10.32.32.5) 0.45ms
[I 09:20:34.253 NotebookApp] Creating new notebook in 
[I 09:20:36.018 NotebookApp] Kernel started: 23fe74cd-fe53-46b1-aa71-d013a181a328, name: python3
[I 09:21:02.016 NotebookApp] Kernel started: dc1d1f29-2fbc-47be-8557-eb37beba9750, name: python3
[W 09:21:03.535 NotebookApp] Notebook SIR Object Pyro.ipynb is not trusted
[I 09:21:04.171 NotebookApp] Kernel started: 9231f2c1-5367-476a-9884-9831acbf5879, name: python3
[I 09:22:36.852 NotebookApp] Saving file at /[NK] SIR with intervention.ipynb
[I 09:22:48.949 NotebookApp] Saving file at /[NK] SIR with intervention.ipynb
[I 09:23:37.589 NotebookApp] Saving file at /[NK] SIR with intervention.ipynb
[I 09:23:57.929 NotebookApp] Saving file at /[NK] SIR with intervention.ipynb
[I 09:24:19.041 NotebookApp] Starting buffering for 9231f2c1-5367-476a-9884-9831acbf5879:97d10d4d3e36474a80844823af9634ec
[I 09:24:36.055 NotebookApp] Saving file at /[NK] SIR with intervention.ipynb
[I 09:25:02.913 NotebookApp] Saving file at /[SM] SIR-Noah Copy.ipynb
[I 09:25:16.107 NotebookApp] Saving file at /[NK] SIR with intervention.ipynb
[I 09:25:34.586 NotebookApp] Saving file at /[NK] SIR with intervention.ipynb
[I 09:25:36.835 NotebookApp] Saving file at /[NK] SIR with intervention.ipynb
[I 09:25:41.164 NotebookApp] Saving file at /[NK] SIR with intervention.ipynb
[I 09:25:45.431 NotebookApp] Saving file at /[NK] SIR with intervention.ipynb
[I 09:25:45.671 NotebookApp] Saving file at /[NK] SIR with intervention.ipynb
[W 09:26:09.779 NotebookApp] Notebook SIR Object Pyro.ipynb is not trusted
[I 09:26:36.044 NotebookApp] Saving file at /[NK] SIR with intervention.ipynb
[I 09:28:36.840 NotebookApp] Saving file at /[NK] SIR with intervention.ipynb
[I 09:30:36.054 NotebookApp] Saving file at /[NK] SIR with intervention.ipynb
[I 09:31:04.105 NotebookApp] Saving file at /[NK] SIR with intervention.ipynb
[I 09:32:36.062 NotebookApp] Saving file at /[NK] SIR with intervention.ipynb
[I 09:34:36.867 NotebookApp] Saving file at /[NK] SIR with intervention.ipynb
[I 09:36:38.298 NotebookApp] Saving file at /[NK] SIR with intervention.ipynb
[I 09:40:36.884 NotebookApp] Saving file at /[NK] SIR with intervention.ipynb
[I 09:41:52.465 NotebookApp] Saving file at /[NK] SIR with intervention.ipynb
[I 09:42:36.058 NotebookApp] Saving file at /[NK] SIR with intervention.ipynb
[I 09:43:11.371 NotebookApp] Starting buffering for 23fe74cd-fe53-46b1-aa71-d013a181a328:7fc4b037d1a6415d9487e815955d0a47
[I 09:43:11.946 NotebookApp] Kernel restarted: 23fe74cd-fe53-46b1-aa71-d013a181a328
[I 09:43:11.986 NotebookApp] Restoring connection for 23fe74cd-fe53-46b1-aa71-d013a181a328:7fc4b037d1a6415d9487e815955d0a47
[I 09:43:11.986 NotebookApp] Replaying 3 buffered messages
[I 09:44:36.044 NotebookApp] Saving file at /[NK] SIR with intervention.ipynb
[I 09:46:36.068 NotebookApp] Saving file at /[NK] SIR with intervention.ipynb
[I 09:48:37.403 NotebookApp] Saving file at /[NK] SIR with intervention.ipynb
[I 09:54:37.247 NotebookApp] Saving file at /[NK] SIR with intervention.ipynb
[I 09:54:41.402 NotebookApp] Starting buffering for dc1d1f29-2fbc-47be-8557-eb37beba9750:fabf048958b541b483e7a3f4392ce1ae
[W 09:54:45.797 NotebookApp] Notebook [SM] SIR-Noah Copy.ipynb is not trusted
[I 09:56:37.038 NotebookApp] Saving file at /[NK] SIR with intervention.ipynb
[I 09:56:48.054 NotebookApp] Saving file at /[SM] SIR-Noah Copy.ipynb
[W 09:56:48.055 NotebookApp] Notebook [SM] SIR-Noah Copy.ipynb is not trusted
[I 09:58:36.053 NotebookApp] Saving file at /[NK] SIR with intervention.ipynb
[I 10:00:14.283 NotebookApp] Saving file at /SIR Object Pyro.ipynb
[W 10:00:14.283 NotebookApp] Notebook SIR Object Pyro.ipynb is not trusted
[I 10:00:15.110 NotebookApp] Starting buffering for 9231f2c1-5367-476a-9884-9831acbf5879:7fa085d86642497180bf0b141fbc3c06
[I 10:00:36.064 NotebookApp] Saving file at /[NK] SIR with intervention.ipynb
[I 10:00:51.012 NotebookApp] Saving file at /[NK] SIR with intervention.ipynb
[I 10:01:54.495 NotebookApp] Saving file at /[NK] SIR with intervention.ipynb
[W 10:02:24.109 NotebookApp] Notebook SEIR Object Pyro.ipynb is not trusted
[I 10:02:24.744 NotebookApp] Kernel started: 023a2254-c94d-4acf-ad56-367c6e163a34, name: python3
[I 10:02:36.053 NotebookApp] Saving file at /[NK] SIR with intervention.ipynb
[I 10:04:28.033 NotebookApp] Kernel interrupted: 23fe74cd-fe53-46b1-aa71-d013a181a328
[I 10:04:36.087 NotebookApp] Saving file at /[NK] SIR with intervention.ipynb
[I 10:04:41.844 NotebookApp] Saving file at /[NK] SIR with intervention.ipynb
[I 10:06:01.787 NotebookApp] Kernel interrupted: 23fe74cd-fe53-46b1-aa71-d013a181a328
[I 10:06:37.323 NotebookApp] Saving file at /[NK] SIR with intervention.ipynb
[I 10:08:30.483 NotebookApp] Saving file at /[NK] SIR with intervention.ipynb
[I 10:08:30.526 NotebookApp] Copying [NK] SIR with intervention.ipynb to 
[I 10:08:31.768 NotebookApp] Kernel started: 3d4e4c9e-41ea-41e4-81ea-4e90d3e6088e, name: python3
[I 10:09:20.711 NotebookApp] Saving file at /[NK] SEIR with intervention.ipynb
[I 10:09:21.252 NotebookApp] Saving file at /[NK] SEIR with intervention.ipynb
[I 10:09:36.708 NotebookApp] Saving file at /[NK] SEIR with intervention.ipynb
[I 10:10:08.147 NotebookApp] Saving file at /[NK] SEIR with intervention.ipynb
[I 10:10:09.940 NotebookApp] Saving file at /[NK] SEIR with intervention.ipynb
[I 10:10:31.837 NotebookApp] Saving file at /[NK] SEIR with intervention.ipynb
[I 10:10:54.809 NotebookApp] Saving file at /[NK] SEIR with intervention.ipynb
[I 10:11:09.871 NotebookApp] Saving file at /[NK] SEIR with intervention.ipynb
[I 10:12:05.354 NotebookApp] Kernel interrupted: 3d4e4c9e-41ea-41e4-81ea-4e90d3e6088e
[I 10:12:31.868 NotebookApp] Saving file at /[NK] SEIR with intervention.ipynb
[I 10:13:02.512 NotebookApp] Kernel interrupted: 3d4e4c9e-41ea-41e4-81ea-4e90d3e6088e
[I 10:13:44.235 NotebookApp] Kernel interrupted: 3d4e4c9e-41ea-41e4-81ea-4e90d3e6088e
[I 10:14:34.023 NotebookApp] Saving file at /[NK] SEIR with intervention.ipynb
[I 10:31:08.202 NotebookApp] Saving file at /[NK] SEIR with intervention.ipynb
[I 10:31:21.842 NotebookApp] Saving file at /[NK] SEIR with intervention.ipynb
[I 10:31:59.393 NotebookApp] Saving file at /[NK] SEIR with intervention.ipynb
[I 10:32:13.069 NotebookApp] Saving file at /[NK] SEIR with intervention.ipynb
[I 10:32:31.921 NotebookApp] Saving file at /[NK] SEIR with intervention.ipynb
[I 10:34:31.390 NotebookApp] Kernel interrupted: 3d4e4c9e-41ea-41e4-81ea-4e90d3e6088e
[I 10:34:31.898 NotebookApp] Saving file at /[NK] SEIR with intervention.ipynb
[I 10:36:31.861 NotebookApp] Saving file at /[NK] SEIR with intervention.ipynb
[I 10:38:31.918 NotebookApp] Saving file at /[NK] SEIR with intervention.ipynb
[I 10:40:31.868 NotebookApp] Saving file at /[NK] SEIR with intervention.ipynb
[I 10:42:31.462 NotebookApp] Starting buffering for dc1d1f29-2fbc-47be-8557-eb37beba9750:742929f7b1114a8eb5e4ec45558f27f8
[I 10:42:32.003 NotebookApp] Saving file at /[NK] SEIR with intervention.ipynb
[W 10:42:36.509 NotebookApp] Notebook [SM] SIR-Noah Copy.ipynb is not trusted
[I 10:44:38.371 NotebookApp] Saving file at /[SM] SIR-Noah Copy.ipynb
[W 10:44:38.372 NotebookApp] Notebook [SM] SIR-Noah Copy.ipynb is not trusted
[I 10:45:25.840 NotebookApp] Saving file at /SEIR Object Pyro.ipynb
[W 10:45:25.840 NotebookApp] Notebook SEIR Object Pyro.ipynb is not trusted
[I 10:45:27.600 NotebookApp] Saving file at /[SM] SIR-Noah Copy.ipynb
[W 10:45:27.600 NotebookApp] Notebook [SM] SIR-Noah Copy.ipynb is not trusted
[I 10:45:30.727 NotebookApp] Starting buffering for dc1d1f29-2fbc-47be-8557-eb37beba9750:dba730bdd20c4fce8962f78ac48d3f3e
[I 10:45:31.511 NotebookApp] Starting buffering for 023a2254-c94d-4acf-ad56-367c6e163a34:79a63bd4a0354cf08a700027aa0a7cc6
[I 10:45:32.452 NotebookApp] Starting buffering for 23fe74cd-fe53-46b1-aa71-d013a181a328:7fc4b037d1a6415d9487e815955d0a47
[I 10:45:33.050 NotebookApp] Starting buffering for 3d4e4c9e-41ea-41e4-81ea-4e90d3e6088e:f0f47f5aea5a4912a4660786409e746e
slurmstepd: error: *** JOB 366459 ON cm15-ib0 CANCELLED AT 2020-12-08T10:47:46 ***
