
MacOS or linux terminal command to create your ssh tunnel:
ssh -N -L 8484:cm27:8484 nsk367@ 
For more info and how to connect from windows, 
   see research.computing.yale.edu/jupyter-nb
Here is the MobaXterm info:
Forwarded port:same as remote port
Remote server: cm27
Remote port: 8484
SSH server: 
SSH login: nsk367
SSH port: 22
Use a Browser on your local machine to go to:
http://localhost:8484  (prefix w/ https:// if using password)
Use the token string from the URL printed below and add it to the URL above

[I 11:08:51.181 NotebookApp] Serving notebooks from local directory: /scratch/nsk367/covid-pyro/notebooks
[I 11:08:51.181 NotebookApp] Jupyter Notebook 6.1.5 is running at:
[I 11:08:51.181 NotebookApp] http://cm27:8484/?token=4025087d5af182ab2e8047d58a9e9fe86e0ce2afdf1b5239
[I 11:08:51.181 NotebookApp]  or http://127.0.0.1:8484/?token=4025087d5af182ab2e8047d58a9e9fe86e0ce2afdf1b5239
[I 11:08:51.181 NotebookApp] Use Control-C to stop this server and shut down all kernels (twice to skip confirmation).
[C 11:08:51.210 NotebookApp] 
    
    To access the notebook, open this file in a browser:
        file:///home/nsk367/.local/share/jupyter/runtime/nbserver-487378-open.html
    Or copy and paste one of these URLs:
        http://cm27:8484/?token=4025087d5af182ab2e8047d58a9e9fe86e0ce2afdf1b5239
     or http://127.0.0.1:8484/?token=4025087d5af182ab2e8047d58a9e9fe86e0ce2afdf1b5239
[I 11:09:18.515 NotebookApp] 302 GET /?token=4025087d5af182ab2e8047d58a9e9fe86e0ce2afdf1b5239 (10.32.32.5) 0.44ms
[W 11:34:29.288 NotebookApp] Notebook [SM] SIR.ipynb is not trusted
[I 11:34:29.669 NotebookApp] Kernel started: 8fafeeba-63fc-460b-a0be-50ba2c49794f, name: python3
[W 11:35:18.439 NotebookApp] Notebook SIR.ipynb is not trusted
[I 11:35:18.766 NotebookApp] Kernel started: 68361609-6d83-4096-a2a0-c1700fe25f4d, name: python3
[I 11:35:54.412 NotebookApp] Starting buffering for 68361609-6d83-4096-a2a0-c1700fe25f4d:b2bf5e5cdfb14adf917df0f7e774f4b8
[W 11:35:57.032 NotebookApp] Notebook SIR.ipynb is not trusted
[I 11:36:51.809 NotebookApp] Copying SIR.ipynb to 
[W 11:36:51.831 NotebookApp] Notebook SIR.ipynb is not trusted
[W 11:36:51.847 NotebookApp] Notebook SIR-Copy1.ipynb is not trusted
[W 11:36:52.701 NotebookApp] Notebook SIR-Copy1.ipynb is not trusted
[I 11:36:54.071 NotebookApp] Kernel started: 176fba1b-669c-4b02-af89-8b42189a01a5, name: python3
[I 11:38:54.212 NotebookApp] Saving file at /SEI3R.ipynb
[W 11:38:54.213 NotebookApp] Notebook SEI3R.ipynb is not trusted
[I 11:39:07.626 NotebookApp] Saving file at /SEI3R.ipynb
[W 11:39:07.626 NotebookApp] Notebook SEI3R.ipynb is not trusted
[I 11:40:54.280 NotebookApp] Saving file at /SEI3R.ipynb
[W 11:40:54.281 NotebookApp] Notebook SEI3R.ipynb is not trusted
[I 11:41:45.757 NotebookApp] Saving file at /SEI3R.ipynb
[W 11:41:45.757 NotebookApp] Notebook SEI3R.ipynb is not trusted
[I 11:42:06.395 NotebookApp] Saving file at /SEI3R.ipynb
[W 11:42:06.396 NotebookApp] Notebook SEI3R.ipynb is not trusted
[I 11:42:29.182 NotebookApp] Saving file at /SEI3R.ipynb
[W 11:42:29.182 NotebookApp] Notebook SEI3R.ipynb is not trusted
[I 11:42:55.017 NotebookApp] Saving file at /SEI3R.ipynb
[W 11:42:55.018 NotebookApp] Notebook SEI3R.ipynb is not trusted
[I 11:43:08.469 NotebookApp] Saving file at /SEI3R.ipynb
[W 11:43:08.470 NotebookApp] Notebook SEI3R.ipynb is not trusted
[I 11:43:23.326 NotebookApp] Saving file at /SEI3R.ipynb
[W 11:43:23.327 NotebookApp] Notebook SEI3R.ipynb is not trusted
[I 12:02:55.076 NotebookApp] Saving file at /SEI3R.ipynb
[W 12:02:55.077 NotebookApp] Notebook SEI3R.ipynb is not trusted
[I 12:04:24.069 NotebookApp] Saving file at /SEI3R.ipynb
[W 12:04:24.070 NotebookApp] Notebook SEI3R.ipynb is not trusted
[I 12:04:54.194 NotebookApp] Saving file at /SEI3R.ipynb
[W 12:04:54.195 NotebookApp] Notebook SEI3R.ipynb is not trusted
[I 12:04:54.651 NotebookApp] Saving file at /SEI3R.ipynb
[W 12:04:54.651 NotebookApp] Notebook SEI3R.ipynb is not trusted
[I 12:05:24.993 NotebookApp] Saving file at /SEI3R.ipynb
[W 12:05:24.997 NotebookApp] Notebook SEI3R.ipynb is not trusted
[I 12:05:31.130 NotebookApp] Saving file at /SEI3R.ipynb
[W 12:05:31.131 NotebookApp] Notebook SEI3R.ipynb is not trusted
[I 12:05:42.648 NotebookApp] Saving file at /SEI3R.ipynb
[W 12:05:42.649 NotebookApp] Notebook SEI3R.ipynb is not trusted
[I 12:06:16.774 NotebookApp] Saving file at /SEI3R.ipynb
[W 12:06:16.774 NotebookApp] Notebook SEI3R.ipynb is not trusted
[I 12:06:43.604 NotebookApp] Saving file at /SEI3R.ipynb
[W 12:06:43.605 NotebookApp] Notebook SEI3R.ipynb is not trusted
[I 12:06:54.222 NotebookApp] Saving file at /SEI3R.ipynb
[W 12:06:54.222 NotebookApp] Notebook SEI3R.ipynb is not trusted
[I 12:07:27.716 NotebookApp] Saving file at /SEI3R.ipynb
[W 12:07:27.717 NotebookApp] Notebook SEI3R.ipynb is not trusted
[I 12:08:24.739 NotebookApp] Saving file at /SEI3R.ipynb
[W 12:08:24.739 NotebookApp] Notebook SEI3R.ipynb is not trusted
[I 12:08:29.080 NotebookApp] Saving file at /SEI3R.ipynb
[W 12:08:29.081 NotebookApp] Notebook SEI3R.ipynb is not trusted
[I 12:08:35.187 NotebookApp] Saving file at /SEI3R.ipynb
[W 12:08:35.188 NotebookApp] Notebook SEI3R.ipynb is not trusted
[I 12:11:17.903 NotebookApp] Saving file at /SEI3R.ipynb
[W 12:11:17.904 NotebookApp] Notebook SEI3R.ipynb is not trusted
[I 12:11:27.543 NotebookApp] Saving file at /SEI3R.ipynb
[W 12:11:27.544 NotebookApp] Notebook SEI3R.ipynb is not trusted
[I 12:11:28.214 NotebookApp] Saving file at /SEI3R.ipynb
[W 12:11:28.215 NotebookApp] Notebook SEI3R.ipynb is not trusted
[I 12:12:54.697 NotebookApp] Saving file at /SEI3R.ipynb
[W 12:12:54.697 NotebookApp] Notebook SEI3R.ipynb is not trusted
[I 12:12:55.004 NotebookApp] Saving file at /SEI3R.ipynb
[W 12:12:55.005 NotebookApp] Notebook SEI3R.ipynb is not trusted
[I 12:18:25.858 NotebookApp] Saving file at /SEI3R.ipynb
[W 12:18:25.858 NotebookApp] Notebook SEI3R.ipynb is not trusted
[I 12:18:54.283 NotebookApp] Saving file at /SEI3R.ipynb
[W 12:18:54.283 NotebookApp] Notebook SEI3R.ipynb is not trusted
[I 12:19:41.725 NotebookApp] Saving file at /SEI3R.ipynb
[W 12:19:41.725 NotebookApp] Notebook SEI3R.ipynb is not trusted
[I 12:19:47.780 NotebookApp] Saving file at /SEI3R.ipynb
[W 12:19:47.781 NotebookApp] Notebook SEI3R.ipynb is not trusted
[I 12:20:07.107 NotebookApp] Saving file at /SEI3R.ipynb
[W 12:20:07.107 NotebookApp] Notebook SEI3R.ipynb is not trusted
[I 12:20:15.388 NotebookApp] Saving file at /SEI3R.ipynb
[W 12:20:15.388 NotebookApp] Notebook SEI3R.ipynb is not trusted
[I 12:20:45.679 NotebookApp] Saving file at /SEI3R.ipynb
[W 12:20:45.679 NotebookApp] Notebook SEI3R.ipynb is not trusted
[I 12:20:48.624 NotebookApp] Saving file at /SEI3R.ipynb
[W 12:20:48.624 NotebookApp] Notebook SEI3R.ipynb is not trusted
[I 12:20:50.780 NotebookApp] Saving file at /SEI3R.ipynb
[W 12:20:50.781 NotebookApp] Notebook SEI3R.ipynb is not trusted
[I 12:22:48.854 NotebookApp] Saving file at /SEI3R.ipynb
[W 12:22:48.854 NotebookApp] Notebook SEI3R.ipynb is not trusted
[I 12:22:54.820 NotebookApp] Saving file at /SEI3R.ipynb
[W 12:22:54.820 NotebookApp] Notebook SEI3R.ipynb is not trusted
[I 12:32:55.414 NotebookApp] Saving file at /SEI3R.ipynb
[W 12:32:55.415 NotebookApp] Notebook SEI3R.ipynb is not trusted
[I 12:33:06.438 NotebookApp] Saving file at /SEI3R.ipynb
[W 12:33:06.438 NotebookApp] Notebook SEI3R.ipynb is not trusted
[I 12:34:54.252 NotebookApp] Saving file at /SEI3R.ipynb
[W 12:34:54.252 NotebookApp] Notebook SEI3R.ipynb is not trusted
[I 12:35:51.551 NotebookApp] Saving file at /SEI3R.ipynb
[W 12:35:51.552 NotebookApp] Notebook SEI3R.ipynb is not trusted
[I 12:36:53.222 NotebookApp] Saving file at /SEI3R.ipynb
[W 12:36:53.222 NotebookApp] Notebook SEI3R.ipynb is not trusted
[I 12:37:18.755 NotebookApp] Saving file at /SEI3R.ipynb
[W 12:37:18.755 NotebookApp] Notebook SEI3R.ipynb is not trusted
[I 12:38:54.271 NotebookApp] Saving file at /SEI3R.ipynb
[W 12:38:54.271 NotebookApp] Notebook SEI3R.ipynb is not trusted
[I 12:40:54.210 NotebookApp] Saving file at /SEI3R.ipynb
[W 12:40:54.211 NotebookApp] Notebook SEI3R.ipynb is not trusted
[I 12:41:27.348 NotebookApp] Saving file at /SEI3R.ipynb
[W 12:41:27.348 NotebookApp] Notebook SEI3R.ipynb is not trusted
[I 12:42:54.373 NotebookApp] Saving file at /SEI3R.ipynb
[W 12:42:54.373 NotebookApp] Notebook SEI3R.ipynb is not trusted
[I 12:44:54.871 NotebookApp] Saving file at /SEI3R.ipynb
[W 12:44:54.871 NotebookApp] Notebook SEI3R.ipynb is not trusted
[I 12:46:27.771 NotebookApp] Saving file at /SEI3R.ipynb
[W 12:46:27.771 NotebookApp] Notebook SEI3R.ipynb is not trusted
[I 12:46:29.336 NotebookApp] Saving file at /SEI3R.ipynb
[W 12:46:29.337 NotebookApp] Notebook SEI3R.ipynb is not trusted
[I 12:46:31.038 NotebookApp] Starting buffering for 176fba1b-669c-4b02-af89-8b42189a01a5:4b2dbe7dc6b343d0991c2f613d72a17e
[I 12:46:32.405 NotebookApp] Starting buffering for 68361609-6d83-4096-a2a0-c1700fe25f4d:ccf5c7ad7deb47f4aae16738ee58d384
[I 12:46:32.878 NotebookApp] Starting buffering for 8fafeeba-63fc-460b-a0be-50ba2c49794f:c6c5f2f2459e4259845d8e1a91ab63d1
